     1                                 %line 1+1 print_call.asm
     2                                 [section .data]
     3                                 codes:
     4 00000000 303132333435363738-     db '0123456789ABCDEF'
     5 00000000 39414243444546     
     6                                 newline:
     7 00000010 0A                      db 0xA
     8                                 [section .text]
     9                                 [global _start]
    10                                 
    11                                 print_newline:
    12 00000000 48C7C001000000          mov rax, 1
    13 00000007 48C7C701000000          mov rdi, 1
    14 0000000E 48C7C6[00000000]        mov rsi, newline
    15 00000015 48C7C201000000          mov rdx, 1
    16 0000001C 0F05                    syscall
    17 0000001E C3                      ret
    18                                 
    19                                 print_hex:
    20 0000001F 4889F8                  mov rax, rdi
    21                                 
    22                                 
    23                                 
    24 00000022 48C7C701000000          mov rdi, 1
    25 00000029 48C7C201000000          mov rdx, 1
    26                                 
    27 00000030 48C7C140000000          mov rcx, 64
    28                                 
    29                                 
    30                                 
    31                                 .loop:
    32                                 
    33                                 
    34                                 
    35 00000037 50                      push rax
    36                                 
    37 00000038 4883E904                sub rcx, 4
    38                                 
    39                                 
    40 0000003C 48D3F8                  sar rax, cl
    41 0000003F 4883E00F                and rax, 0xf
    42                                 
    43                                 
    44 00000043 488DB0[00000000]        lea rsi, [codes + rax]
    45 0000004A 48C7C001000000          mov rax, 1
    46                                 
    47 00000051 51                      push rcx
    48 00000052 0F05                    syscall
    49 00000054 59                      pop rcx
    50                                 
    51 00000055 58                      pop rax
    52 00000056 4885C9                  test rcx, rcx
    53 00000059 75DA                    jnz .loop
    54                                 
    55 0000005B C3                      ret
    56                                 
    57                                 _start:
    58                                 
    59 0000005C 48BFEFBF9A344523C1-     mov rdi, 0x8C12345349ABFEF
    60 0000005C 08                 
    61 00000066 E8AFFFFFFF              call print_hex
    62 0000006B E88BFFFFFF              call print_newline
    63                                 
    64                                 
    65 00000070 48C7C03C000000          mov rax, 60
    66 00000077 4831FF                  xor rdi, rdi
    67 0000007A 0F05                    syscall
