     1                                  section .data
     2 00000000 48656C6C6F2C20576F-             msg1 db "Hello, World!",10,0 ; String with NL and 0
     2 00000009 726C64210A00       
     3                                          msg1Len         equ $-msg1-1 ; measure length, minus the 0
     4 0000000F 416C69766520616E64-             msg2 db "Alive and Kicking!",10,0
     4 00000018 204B69636B696E6721-
     4 00000021 0A00               
     5                                          msg2Len         equ $-msg2-1 ; measure length, minus the 0
     6 00000023 6501000000000000                radius dq       357
     7 0000002B 1F85EB51B81E0940                pi dq           3.14
     8                                  section .bss
     9                                  section .text
    10                                          global main
    11                                  main:
    12 00000000 55                              push    rbp             ; function prologue
    13 00000001 4889E5                          mov     rbp,rsp         ; function prologue
    14                                  
    15 00000004 B801000000                      mov     rax, 1          ; 1 = write
    16 00000009 BF01000000                      mov     rdi, 1          ; 1 = to stdout
    17 0000000E 48BE-                           mov     rsi, msg1       ; string to display
    17 00000010 [0000000000000000] 
    18 00000018 BA0E000000                      mov     rdx, msg1Len    ; length of the string
    19 0000001D 0F05                            syscall
    20                                  
    21 0000001F B801000000                      mov     rax, 1          ; 1 = write
    22 00000024 BF01000000                      mov     rdi, 1          ; 1 = to stdout
    23 00000029 48BE-                           mov     rsi, msg2       ; string to display
    23 0000002B [0F00000000000000] 
    24 00000033 BA13000000                      mov     rdx, msg2Len    ; length of the string
    25 00000038 0F05                            syscall
    26                                  
    27 0000003A 4889EC                          mov     rsp,rbp         ; function epilogue
    28 0000003D 5D                              pop     rbp             ; function epilogue
    29                                  
    30 0000003E B83C000000                      mov     rax, 60         ; 60 = exit
    31 00000043 BF00000000                      mov     rdi, 0          ; 0 = success
    32 00000048 0F05                            syscall                 ; quit
